<?xml version="1.0" encoding="UTF-8"?>
<!-- Generated by org.testng.reporters.JUnitReportReporter -->
<testsuite hostname="DESKTOP-FG7QG1S" failures="0" tests="4" name="Nallas.Nallas_demoproject.Testcase_Execution" time="99.900" errors="0" timestamp="02 Jan 2024 07:38:11 GMT" skipped="0">
  <testcase classname="Nallas.Nallas_demoproject.Testcase_Execution" name="TC" time="0.972"/>
  <testcase classname="Nallas.Nallas_demoproject.Testcase_Execution" name="TC" time="48.547"/>
  <testcase classname="Nallas.Nallas_demoproject.Testcase_Execution" name="TC" time="1.056"/>
  <testcase classname="Nallas.Nallas_demoproject.Testcase_Execution" name="TC" time="49.325"/>
</testsuite> <!-- Nallas.Nallas_demoproject.Testcase_Execution -->
