<?xml version="1.0" encoding="UTF-8"?>
<!-- Generated by org.testng.reporters.JUnitReportReporter -->
<testsuite hostname="DESKTOP-FG7QG1S" failures="0" tests="1" name="Nallas.Nallas_demoproject.Testcase_Execution" time="83.880" errors="0" timestamp="16 Dec 2024 12:13:29 GMT" skipped="0">
  <testcase classname="Nallas.Nallas_demoproject.Testcase_Execution" name="TC" time="83.880"/>
</testsuite> <!-- Nallas.Nallas_demoproject.Testcase_Execution -->
