<?xml version="1.0" encoding="UTF-8"?>
<!-- Generated by org.testng.reporters.JUnitReportReporter -->
<testsuite hostname="DESKTOP-FG7QG1S" failures="0" tests="2" name="Nallas.Nallas_demoproject.Testcase_Execution" time="101.728" errors="0" timestamp="17 Jun 2024 07:25:39 GMT" skipped="0">
  <testcase classname="Nallas.Nallas_demoproject.Testcase_Execution" name="TC" time="9.557"/>
  <testcase classname="Nallas.Nallas_demoproject.Testcase_Execution" name="TC" time="92.171"/>
</testsuite> <!-- Nallas.Nallas_demoproject.Testcase_Execution -->
