<?xml version="1.0" encoding="UTF-8"?>
<!-- Generated by org.testng.reporters.JUnitReportReporter -->
<testsuite hostname="DESKTOP-FG7QG1S" failures="0" tests="1" name="Nallas.Nallas_demoproject.Testcase_Execution" time="0.000" errors="0" timestamp="17 Jun 2023 17:16:30 GMT" skipped="1">
  <testcase classname="Nallas.Nallas_demoproject.Testcase_Execution" name="TC" time="0.000">
    <skipped/>
  </testcase> <!-- TC -->
</testsuite> <!-- Nallas.Nallas_demoproject.Testcase_Execution -->
